#
# A fatal error has been detected by the Java Runtime Environment:
#
#  EXCEPTION_ACCESS_VIOLATION (0xc0000005) at pc=0x00000000, pid=3436, tid=2520
#
# JRE version: 6.0_26-b03
# Java VM: Java HotSpot(TM) Client VM (20.1-b02 mixed mode, sharing windows-x86 )
# Problematic frame:
# C  0x00000000
#
# If you would like to submit a bug report, please visit:
#   http://java.sun.com/webapps/bugreport/crash.jsp
# The crash happened outside the Java Virtual Machine in native code.
# See problematic frame for where to report the bug.
#

---------------  T H R E A D  ---------------

Current thread (0x02c34c00):  JavaThread "AWT-EventQueue-0" [_thread_in_native, id=2520, stack(0x03190000,0x031e0000)]

siginfo: ExceptionCode=0xc0000005, reading address 0x00000000

Registers:
EAX=0x00000000, EBX=0x00000000, ECX=0x000003e9, EDX=0x7c92e514
ESP=0x031ce9e8, EBP=0x031ce9f0, ESI=0x031ce9fc, EDI=0x031cea34
EIP=0x00000000, EFLAGS=0x00010202

Top of Stack: (sp=0x031ce9e8)
0x031ce9e8:   03e616d0 000003e9 031cea34 1000e4d0
0x031ce9f8:   000003e9 00000000 00000000 cccccccc
0x031cea08:   cccccccc cccccccc cccccccc cccccccc
0x031cea18:   cccccccc cccccccc cccccccc cccccccc
0x031cea28:   cccccccc 00000000 a9e29a2a 031debc8
0x031cea38:   66c44773 000003e9 0322d128 02c34c00
0x031cea48:   00000006 00000004 00000000 02c34d28
0x031cea58:   00000020 66c4452e 02c34d28 03211034 

Instructions: (pc=0x00000000)
0xffffffe0:   


Register to memory mapping:

EAX=0x00000000 is an unknown value
EBX=0x00000000 is an unknown value
ECX=0x000003e9 is an unknown value
EDX=0x7c92e514 is an unknown value
ESP=0x031ce9e8 is pointing into the stack for thread: 0x02c34c00
EBP=0x031ce9f0 is pointing into the stack for thread: 0x02c34c00
ESI=0x031ce9fc is pointing into the stack for thread: 0x02c34c00
EDI=0x031cea34 is pointing into the stack for thread: 0x02c34c00


Stack: [0x03190000,0x031e0000],  sp=0x031ce9e8,  free space=250k
Java frames: (J=compiled Java code, j=interpreted, Vv=VM code)
j  org.xvolks.jnative.JNative.nInvoke(I)V+0
j  org.xvolks.jnative.JNative.invoke()V+55
j  cvr100demo.CVR100DemoView.CVR_InitComm(I)I+28
j  cvr100demo.CVR100DemoView.jButton1MouseClicked(Ljava/awt/event/MouseEvent;)V+88
j  cvr100demo.CVR100DemoView.access$800(Lcvr100demo/CVR100DemoView;Ljava/awt/event/MouseEvent;)V+2
j  cvr100demo.CVR100DemoView$4.mouseClicked(Ljava/awt/event/MouseEvent;)V+5
j  java.awt.AWTEventMulticaster.mouseClicked(Ljava/awt/event/MouseEvent;)V+21
j  java.awt.Component.processMouseEvent(Ljava/awt/event/MouseEvent;)V+74
j  javax.swing.JComponent.processMouseEvent(Ljava/awt/event/MouseEvent;)V+23
j  java.awt.Component.processEvent(Ljava/awt/AWTEvent;)V+81
j  java.awt.Container.processEvent(Ljava/awt/AWTEvent;)V+18
j  java.awt.Component.dispatchEventImpl(Ljava/awt/AWTEvent;)V+566
j  java.awt.Container.dispatchEventImpl(Ljava/awt/AWTEvent;)V+42
j  java.awt.Component.dispatchEvent(Ljava/awt/AWTEvent;)V+2
j  java.awt.LightweightDispatcher.retargetMouseEvent(Ljava/awt/Component;ILjava/awt/event/MouseEvent;)V+320
j  java.awt.LightweightDispatcher.processMouseEvent(Ljava/awt/event/MouseEvent;)Z+157
j  java.awt.LightweightDispatcher.dispatchEvent(Ljava/awt/AWTEvent;)Z+50
j  java.awt.Container.dispatchEventImpl(Ljava/awt/AWTEvent;)V+12
j  java.awt.Window.dispatchEventImpl(Ljava/awt/AWTEvent;)V+19
j  java.awt.Component.dispatchEvent(Ljava/awt/AWTEvent;)V+2
j  java.awt.EventQueue.dispatchEventImpl(Ljava/awt/AWTEvent;Ljava/lang/Object;)V+41
j  java.awt.EventQueue.access$000(Ljava/awt/EventQueue;Ljava/awt/AWTEvent;Ljava/lang/Object;)V+3
j  java.awt.EventQueue$1.run()Ljava/lang/Void;+12
j  java.awt.EventQueue$1.run()Ljava/lang/Object;+1
v  ~StubRoutines::call_stub
j  java.security.AccessController.doPrivileged(Ljava/security/PrivilegedAction;Ljava/security/AccessControlContext;)Ljava/lang/Object;+0
j  java.security.AccessControlContext$1.doIntersectionPrivilege(Ljava/security/PrivilegedAction;Ljava/security/AccessControlContext;Ljava/security/AccessControlContext;)Ljava/lang/Object;+28
j  java.security.AccessControlContext$1.doIntersectionPrivilege(Ljava/security/PrivilegedAction;Ljava/security/AccessControlContext;)Ljava/lang/Object;+6
j  java.awt.EventQueue$2.run()Ljava/lang/Void;+11
j  java.awt.EventQueue$2.run()Ljava/lang/Object;+1
v  ~StubRoutines::call_stub
j  java.security.AccessController.doPrivileged(Ljava/security/PrivilegedAction;Ljava/security/AccessControlContext;)Ljava/lang/Object;+0
j  java.security.AccessControlContext$1.doIntersectionPrivilege(Ljava/security/PrivilegedAction;Ljava/security/AccessControlContext;Ljava/security/AccessControlContext;)Ljava/lang/Object;+28
j  java.awt.EventQueue.dispatchEvent(Ljava/awt/AWTEvent;)V+73
j  java.awt.EventDispatchThread.pumpOneEventForFilters(I)Z+204
j  java.awt.EventDispatchThread.pumpEventsForFilter(ILjava/awt/Conditional;Ljava/awt/EventFilter;)V+30
j  java.awt.EventDispatchThread.pumpEventsForHierarchy(ILjava/awt/Conditional;Ljava/awt/Component;)V+11
j  java.awt.EventDispatchThread.pumpEvents(ILjava/awt/Conditional;)V+4
j  java.awt.EventDispatchThread.pumpEvents(Ljava/awt/Conditional;)V+3
j  java.awt.EventDispatchThread.run()V+9
v  ~StubRoutines::call_stub

---------------  P R O C E S S  ---------------

Java Threads: ( => current thread )
  0x0329b400 JavaThread "Image Fetcher 2" daemon [_thread_blocked, id=4040, stack(0x03830000,0x03880000)]
  0x03237000 JavaThread "Image Fetcher 1" daemon [_thread_blocked, id=2848, stack(0x037e0000,0x03830000)]
  0x03235c00 JavaThread "Image Fetcher 0" daemon [_thread_blocked, id=3148, stack(0x03790000,0x037e0000)]
  0x00316c00 JavaThread "DestroyJavaVM" [_thread_blocked, id=2564, stack(0x008f0000,0x00940000)]
=>0x02c34c00 JavaThread "AWT-EventQueue-0" [_thread_in_native, id=2520, stack(0x03190000,0x031e0000)]
  0x02c33400 JavaThread "AWT-Windows" daemon [_thread_in_native, id=2416, stack(0x03010000,0x03060000)]
  0x02c31c00 JavaThread "AWT-Shutdown" [_thread_blocked, id=3980, stack(0x02fc0000,0x03010000)]
  0x02c31400 JavaThread "Java2D Disposer" daemon [_thread_blocked, id=3944, stack(0x02f60000,0x02fb0000)]
  0x02bb9400 JavaThread "Low Memory Detector" daemon [_thread_blocked, id=2808, stack(0x02e30000,0x02e80000)]
  0x02bb3000 JavaThread "C1 CompilerThread0" daemon [_thread_blocked, id=2696, stack(0x02de0000,0x02e30000)]
  0x02bb1800 JavaThread "Attach Listener" daemon [_thread_blocked, id=3104, stack(0x02d90000,0x02de0000)]
  0x02bd3400 JavaThread "Signal Dispatcher" daemon [_thread_blocked, id=2920, stack(0x02d40000,0x02d90000)]
  0x02babc00 JavaThread "Finalizer" daemon [_thread_blocked, id=2524, stack(0x02cf0000,0x02d40000)]
  0x02ba7000 JavaThread "Reference Handler" daemon [_thread_blocked, id=2328, stack(0x02ca0000,0x02cf0000)]

Other Threads:
  0x02b6ac00 VMThread [stack: 0x02c50000,0x02ca0000] [id=3592]
  0x02bbbc00 WatcherThread [stack: 0x02e80000,0x02ed0000] [id=3124]

VM state:not at safepoint (normal execution)

VM Mutex/Monitor currently owned by a thread: None

Heap
 def new generation   total 4928K, used 4615K [0x229e0000, 0x22f30000, 0x27f30000)
  eden space 4416K,  92% used [0x229e0000, 0x22de27a8, 0x22e30000)
  from space 512K,  99% used [0x22e30000, 0x22eaf640, 0x22eb0000)
  to   space 512K,   0% used [0x22eb0000, 0x22eb0000, 0x22f30000)
 tenured generation   total 10944K, used 930K [0x27f30000, 0x289e0000, 0x329e0000)
   the space 10944K,   8% used [0x27f30000, 0x28018990, 0x28018a00, 0x289e0000)
 compacting perm gen  total 12288K, used 2448K [0x329e0000, 0x335e0000, 0x369e0000)
   the space 12288K,  19% used [0x329e0000, 0x32c44220, 0x32c44400, 0x335e0000)
    ro space 10240K,  54% used [0x369e0000, 0x36f5eb78, 0x36f5ec00, 0x373e0000)
    rw space 12288K,  55% used [0x373e0000, 0x37a849c8, 0x37a84a00, 0x37fe0000)

Code Cache  [0x00970000, 0x00a50000, 0x02970000)
 total_blobs=464 nmethods=263 adapters=137 free_code_cache=32642048 largest_free_block=0

Dynamic libraries:
0x00400000 - 0x00424000 	C:\Program Files\Java\jdk1.6.0_26\bin\java.exe
0x7c920000 - 0x7c9b6000 	C:\WINDOWS\system32\ntdll.dll
0x7c800000 - 0x7c91e000 	C:\WINDOWS\system32\kernel32.dll
0x77da0000 - 0x77e49000 	C:\WINDOWS\system32\ADVAPI32.dll
0x77e50000 - 0x77ee3000 	C:\WINDOWS\system32\RPCRT4.dll
0x77fc0000 - 0x77fd1000 	C:\WINDOWS\system32\Secur32.dll
0x7c340000 - 0x7c396000 	C:\Program Files\Java\jdk1.6.0_26\jre\bin\msvcr71.dll
0x6d8a0000 - 0x6db4f000 	C:\Program Files\Java\jdk1.6.0_26\jre\bin\client\jvm.dll
0x77d10000 - 0x77da0000 	C:\WINDOWS\system32\USER32.dll
0x77ef0000 - 0x77f39000 	C:\WINDOWS\system32\GDI32.dll
0x76b10000 - 0x76b3a000 	C:\WINDOWS\system32\WINMM.dll
0x76300000 - 0x7631d000 	C:\WINDOWS\system32\IMM32.DLL
0x62c20000 - 0x62c29000 	C:\WINDOWS\system32\LPK.DLL
0x73fa0000 - 0x7400b000 	C:\WINDOWS\system32\USP10.dll
0x6d850000 - 0x6d85c000 	C:\Program Files\Java\jdk1.6.0_26\jre\bin\verify.dll
0x6d3d0000 - 0x6d3ef000 	C:\Program Files\Java\jdk1.6.0_26\jre\bin\java.dll
0x76bc0000 - 0x76bcb000 	C:\WINDOWS\system32\PSAPI.DLL
0x6d890000 - 0x6d89f000 	C:\Program Files\Java\jdk1.6.0_26\jre\bin\zip.dll
0x6d0b0000 - 0x6d1fb000 	C:\Program Files\Java\jdk1.6.0_26\jre\bin\awt.dll
0x72f70000 - 0x72f96000 	C:\WINDOWS\system32\WINSPOOL.DRV
0x77be0000 - 0x77c38000 	C:\WINDOWS\system32\msvcrt.dll
0x76990000 - 0x76ace000 	C:\WINDOWS\system32\ole32.dll
0x77180000 - 0x77283000 	C:\WINDOWS\WinSxS\x86_Microsoft.Windows.Common-Controls_6595b64144ccf1df_6.0.2600.6028_x-ww_61e65202\COMCTL32.dll
0x77f40000 - 0x77fb6000 	C:\WINDOWS\system32\SHLWAPI.dll
0x5d170000 - 0x5d20a000 	C:\WINDOWS\system32\comctl32.dll
0x5adc0000 - 0x5adf7000 	C:\WINDOWS\system32\uxtheme.dll
0x03060000 - 0x030cd000 	C:\Program Files\360\360Safe\safemon\safemon.dll
0x7d590000 - 0x7dd85000 	C:\WINDOWS\system32\SHELL32.dll
0x770f0000 - 0x7717b000 	C:\WINDOWS\system32\OLEAUT32.dll
0x75ff0000 - 0x76055000 	C:\WINDOWS\system32\MSVCP60.dll
0x76680000 - 0x76726000 	C:\WINDOWS\system32\WININET.dll
0x765e0000 - 0x76673000 	C:\WINDOWS\system32\CRYPT32.dll
0x76db0000 - 0x76dc2000 	C:\WINDOWS\system32\MSASN1.dll
0x71a20000 - 0x71a37000 	C:\WINDOWS\system32\WS2_32.dll
0x71a10000 - 0x71a18000 	C:\WINDOWS\system32\WS2HELP.dll
0x77bd0000 - 0x77bd8000 	C:\WINDOWS\system32\VERSION.dll
0x74680000 - 0x746cc000 	C:\WINDOWS\system32\MSCTF.dll
0x73640000 - 0x7366e000 	C:\WINDOWS\system32\msctfime.ime
0x6d2e0000 - 0x6d32f000 	C:\Program Files\Java\jdk1.6.0_26\jre\bin\fontmanager.dll
0x6d6b0000 - 0x6d6c3000 	C:\Program Files\Java\jdk1.6.0_26\jre\bin\net.dll
0x6d6d0000 - 0x6d6d9000 	C:\Program Files\Java\jdk1.6.0_26\jre\bin\nio.dll
0x66c40000 - 0x66c61000 	E:\A6000\JavaCVR100\CVR100Demo\JNativeCpp.dll
0x10000000 - 0x1001a000 	E:\A6000\JavaCVR100\CVR100Demo\build\classes\cvr100demo\Termb.dll
0x03e60000 - 0x03e90000 	E:\A6000\JavaCVR100\CVR100Demo\build\classes\cvr100demo\sdtapi.dll
0x04030000 - 0x0406c000 	E:\A6000\JavaCVR100\CVR100Demo\build\classes\cvr100demo\WLTLib.dll

VM Arguments:
jvm_args: -Dfile.encoding=UTF-8 
java_command: cvr100demo.CVR100DemoApp
Launcher Type: SUN_STANDARD

Environment Variables:
PATH=C:\Program Files\Borland\Delphi7\Bin;C:\Program Files\Borland\Delphi7\Projects\Bpl\;C:\WINDOWS\system32;C:\WINDOWS;C:\WINDOWS\System32\Wbem;C:\Program Files\Common Files\Thunder Network\KanKan\Codecs;C:\Program Files\Microsoft SQL Server\100\Tools\Binn\;C:\Program Files\Microsoft SQL Server\100\DTS\Binn\;C:\Program Files\Microsoft SQL Server\100\Tools\Binn\VSShell\Common7\IDE\;C:\Program Files\Microsoft Visual Studio 9.0\Common7\IDE\PrivateAssemblies\;C:\WINDOWS\system32\WindowsPowerShell\v1.0;C:\Program Files\Microsoft SQL Server\90\Tools\binn\;C:\Program Files\Common Files\Adobe\AGL;C:\Program Files\Microsoft Visual Studio\Common\Tools\WinNT;C:\Program Files\Microsoft Visual Studio\Common\MSDev98\Bin;C:\Program Files\Microsoft Visual Studio\Common\Tools;C:\Program Files\Microsoft Visual Studio\VC98\bin;C:\Program Files\StormII\Codec;C:\Program Files\StormII
USERNAME=Administrator
OS=Windows_NT
PROCESSOR_IDENTIFIER=x86 Family 6 Model 23 Stepping 10, GenuineIntel



---------------  S Y S T E M  ---------------

OS: Windows XP Build 2600 Service Pack 3

CPU:total 2 (2 cores per cpu, 1 threads per core) family 6 model 23 stepping 10, cmov, cx8, fxsr, mmx, sse, sse2, sse3, ssse3

Memory: 4k page, physical 2060716k(859896k free), swap 3999808k(2799232k free)

vm_info: Java HotSpot(TM) Client VM (20.1-b02) for windows-x86 JRE (1.6.0_26-b03), built on May  4 2011 00:50:59 by "java_re" with MS VC++ 7.1 (VS2003)

time: Tue Dec 13 10:48:58 2011
elapsed time: 4 seconds

